--- Starting Lunar Heartbeat (23:30) ---
  [OK] System Vitals are within normal range.
--- Starting Lunar Heartbeat (00:00) ---
  [OK] System Vitals are within normal range.
--- Starting Soft Data Watchdog (00:00) ---
  [OK] No new incidents detected for current session.
--- Watchdog Check Complete ---
--- Starting Lunar Heartbeat (00:30) ---
  [OK] System Vitals are within normal range.
--- Starting Lunar Heartbeat (01:00) ---
  [OK] System Vitals are within normal range.
--- Starting Soft Data Watchdog (01:00) ---
  [OK] No new incidents detected for current session.
--- Watchdog Check Complete ---
--- Starting Lunar Heartbeat (01:30) ---
  [OK] System Vitals are within normal range.
--- Starting Lunar Heartbeat (02:00) ---
  [OK] System Vitals are within normal range.
--- Starting Soft Data Watchdog (02:00) ---
  [OK] No new incidents detected for current session.
--- Watchdog Check Complete ---
--- Starting Lunar Heartbeat (02:30) ---
  [OK] System Vitals are within normal range.
--- Starting Lunar Heartbeat (03:00) ---
  [OK] System Vitals are within normal range.
--- Starting Soft Data Watchdog (03:00) ---
  [OK] No new incidents detected for current session.
--- Watchdog Check Complete ---
--- Starting Lunar Heartbeat (03:30) ---
  [OK] System Vitals are within normal range.
--- Starting Lunar Heartbeat (04:00) ---
  [OK] System Vitals are within normal range.
--- Starting Soft Data Watchdog (04:00) ---
  [OK] No new incidents detected for current session.
--- Watchdog Check Complete ---
--- Starting Lunar Heartbeat (04:30) ---
  [OK] System Vitals are within normal range.
--- Starting Lunar Heartbeat (05:00) ---
  [OK] System Vitals are within normal range.
--- Starting Soft Data Watchdog (05:00) ---
  [OK] No new incidents detected for current session.
--- Watchdog Check Complete ---
--- Starting Lunar Heartbeat (05:30) ---
  [OK] System Vitals are within normal range.
--- Starting Lunar Heartbeat (06:00) ---
  [OK] System Vitals are within normal range.
--- Starting Soft Data Watchdog (06:00) ---
  [OK] No new incidents detected for current session.
--- Watchdog Check Complete ---
--- Starting Lunar Heartbeat (06:30) ---
  [OK] System Vitals are within normal range.
--- Starting Lunar Heartbeat (07:00) ---
  [OK] System Vitals are within normal range.
--- Starting Soft Data Watchdog (07:00) ---
  [OK] No new incidents detected for current session.
--- Watchdog Check Complete ---
--- Starting Lunar Heartbeat (07:30) ---
  [OK] System Vitals are within normal range.
--- Starting Lunar Heartbeat (08:00) ---
  [OK] System Vitals are within normal range.
--- Starting Soft Data Watchdog (08:00) ---
  [OK] No new incidents detected for current session.
--- Watchdog Check Complete ---
--- Starting Lunar Heartbeat (08:30) ---
  [OK] System Vitals are within normal range.
--- Starting Lunar Heartbeat (09:00) ---
  [OK] System Vitals are within normal range.
--- Starting Soft Data Watchdog (09:00) ---
  [OK] No new incidents detected for current session.
--- Watchdog Check Complete ---
--- Starting Lunar Heartbeat (09:30) ---
  [OK] System Vitals are within normal range.
--- Starting Lunar Heartbeat (10:00) ---
  [OK] System Vitals are within normal range.
--- Starting Soft Data Watchdog (10:00) ---
  [OK] No new incidents detected for current session.
--- Watchdog Check Complete ---
--- Starting Lunar Heartbeat (10:30) ---
  [OK] System Vitals are within normal range.
--- Starting Lunar Heartbeat (11:00) ---
  [OK] System Vitals are within normal range.
--- Starting Soft Data Watchdog (11:00) ---
  [OK] No new incidents detected for current session.
--- Watchdog Check Complete ---
--- Starting Lunar Heartbeat (11:30) ---
  [OK] System Vitals are within normal range.
--- Starting Lunar Heartbeat (12:00) ---
  [OK] System Vitals are within normal range.
Skipping noon scrape: Not a local race day.
--- Starting Soft Data Watchdog (12:00) ---
  [OK] No new incidents detected for current session.
--- Watchdog Check Complete ---
--- Starting Lunar Heartbeat (12:30) ---
  [OK] System Vitals are within normal range.
--- Starting Lunar Heartbeat (13:00) ---
  [OK] System Vitals are within normal range.
--- Starting Soft Data Watchdog (13:00) ---
  [OK] No new incidents detected for current session.
--- Watchdog Check Complete ---
--- Starting Lunar Heartbeat (13:30) ---
  [OK] System Vitals are within normal range.
--- Starting Lunar Heartbeat (14:00) ---
  [OK] System Vitals are within normal range.
--- Starting Soft Data Watchdog (14:00) ---
  [OK] No new incidents detected for current session.
--- Watchdog Check Complete ---
--- Starting Lunar Heartbeat (14:30) ---
  [OK] System Vitals are within normal range.
--- Starting Lunar Heartbeat (15:00) ---
  [OK] System Vitals are within normal range.
--- Starting Soft Data Watchdog (15:00) ---
  [OK] No new incidents detected for current session.
--- Watchdog Check Complete ---
--- Starting Lunar Heartbeat (15:30) ---
  [OK] System Vitals are within normal range.
--- Starting Lunar Heartbeat (16:00) ---
  [OK] System Vitals are within normal range.
--- Starting Soft Data Watchdog (16:00) ---
  [OK] No new incidents detected for current session.
--- Watchdog Check Complete ---
--- Starting Lunar Heartbeat (16:30) ---
  [OK] System Vitals are within normal range.
--- Starting Lunar Heartbeat (17:00) ---
  [OK] System Vitals are within normal range.
--- Starting Soft Data Watchdog (17:00) ---
  [OK] No new incidents detected for current session.
--- Watchdog Check Complete ---
--- Starting Lunar Heartbeat (17:30) ---
  [OK] System Vitals are within normal range.
--- Starting Lunar Heartbeat (18:00) ---
  [OK] System Vitals are within normal range.
--- Starting Soft Data Watchdog (18:00) ---
  [OK] No new incidents detected for current session.
--- Watchdog Check Complete ---
--- Starting Lunar Heartbeat (18:30) ---
  [OK] System Vitals are within normal range.
--- Starting Lunar Heartbeat (19:00) ---
  [OK] System Vitals are within normal range.
--- Starting Soft Data Watchdog (19:00) ---
  [OK] No new incidents detected for current session.
--- Watchdog Check Complete ---
